SLURM_JOB_START_TIME=1714588808
SLURM_NODELIST=rafter-47
SLURM_JOB_NAME=fmri_rdc_firstLevel
MANPATH=/share/foxlab-backedup/apps/camino/man::/software/slurm/23.02.7/lssc0-linux/share/man:/opt/puppetlabs/puppet/share/man
FSL_BIN=/share/foxlab-backedup/apps/fsl/bin
DTITK_ROOT=/share/foxlab-backedup/apps/dtitk-2.3.1-Linux-x86_64
LDFLAGS=-O3 -L/share/foxlab-backedup/.local/lib
XDG_SESSION_ID=698318
SLURMD_NODENAME=rafter-47
SLURM_TOPOLOGY_ADDR=rafter-47
HOSTNAME=rafter-47
SLURM_PRIO_PROCESS=0
_LMFILES__modshare=/software/modules/1.923/lssc0-linux/modulefiles/slurm/latest:1:/software/modules/modulefiles_static/java/jdk1.8.0_05:1
FS_OVERRIDE=0
SLURM_NODE_ALIASES=(null)
SOLAR_BIN=/share/foxlab-backedup/apps/solar/bin
SHELL=/bin/bash
TERM=xterm-256color
SLURM_JOB_QOS=normal
ANTSPATH=/share/foxlab-backedup/apps/ANTs.2.1.0.Debian-Ubuntu_X64/
AFNIPATH=/share/foxlab-backedup/apps/afni/bin
TMPDIR=/tmp
SLURM_TOPOLOGY_ADDR_PATTERN=node
SSH_CLIENT=168.150.47.32 58348 22
CPPFLAGS=-I/share/foxlab-backedup/.local/include
SLURM_ARRAY_JOB_ID=61933142
CONDA_SHLVL=1
FSLMULTIFILEQUIT=TRUE
PERL5LIB=/share/foxlab-backedup/apps/freesurfer/mni/share/perl5
CONDA_PROMPT_MODIFIER=(base) 
GSETTINGS_SCHEMA_DIR_CONDA_BACKUP=
SLURM_JOB_END_TIME=1714642808
SSH_TTY=/dev/pts/292
OS=Linux
SLURM_NNODES=1
USER=dfox
LOCAL_DIR=/share/foxlab-backedup/apps/freesurfer/local
CGO_LDFLAGS=-O3 -L/share/foxlab-backedup/.local/lib
SLURM_SPANK_AUKS=done
LD_LIBRARY_PATH=/share/foxlab-backedup/.local/lib
FSLGECUDAQ=cuda.q
FSFAST_HOME=/share/foxlab-backedup/apps/freesurfer/fsfast
CONDA_EXE=/share/foxlab-backedup/apps/miniconda3/bin/conda
MNI_PERL5LIB=/share/foxlab-backedup/apps/freesurfer/mni/share/perl5
ENV=/software/modules/1.923/lssc0-linux/init/profile.sh
FMRI_ANALYSIS_DIR=/share/foxlab-backedup/apps/freesurfer/fsfast
SLURM_JOBID=61933142
SSH_AUTH_SOCK=/tmp/ssh-bHUltmEr40/agent.14834
SLURM_ARRAY_TASK_ID=1
FSF_OUTPUT_FORMAT=nii.gz
SLURM_NTASKS=1
MINC_BIN_DIR=/share/foxlab-backedup/apps/freesurfer/mni/bin
_CE_CONDA=
SUBJECTS_DIR=/share/foxlab-backedup/apps/freesurfer/subjects
SOLAR_LIB=/share/foxlab-backedup/apps/solar/lib
DROPBOXUPLOADER=/share/foxlab-backedup/apps/Dropbox-Uploader
SLURM_TASKS_PER_NODE=1
SLURM_ARRAY_TASK_COUNT=1
PATH=/share/foxlab-backedup/.local/bin/:/share/foxlab-backedup/.local/go/bin/:/share/foxlab-backedup/apps/MrCat/core:/share/foxlab-backedup/apps/MRIcroGL12:/share/foxlab-backedup/apps/Dropbox-Uploader:/share/foxlab-backedup/apps/solar/bin:/share/foxlab-backedup/apps/solar/scripts:/share/foxlab-backedup/apps/tcsh/usr/bin:/share/foxlab-backedup/apps/afni/bin:/share/foxlab-backedup/apps/ANTs.2.1.0.Debian-Ubuntu_X64/:/share/foxlab-backedup/apps/mricron_lx/:/share/foxlab-backedup/apps/freesurfer/bin:/share/foxlab-backedup/apps/freesurfer/fsfast/bin:/share/foxlab-backedup/apps/freesurfer/tktools:/share/foxlab-backedup/apps/fsl/bin:/share/foxlab-backedup/apps/freesurfer/mni/bin:/share/foxlab-backedup/apps/camino-trackvis-0.2.8.1/bin:/share/foxlab-backedup/apps/camino/bin:/software/java/jdk1.8.0_05/static/bin:/share/foxlab-backedup/apps/fsl/bin:/share/foxlab-backedup/apps/miniconda3/bin:/share/foxlab-backedup/apps/miniconda3/condabin:/share/foxlab-backedup/.poetry/poetry_venv/bin://share/foxlab-backedup/.poetry/bin:/software/slurm/23.02.7/lssc0-linux/sbin:/software/slurm/23.02.7/lssc0-linux/bin:/software/modules/1.923/lssc0-linux/bin:/usr/local/sbin:/usr/local/bin:/usr/sbin:/usr/bin:/sbin:/bin:/usr/games:/usr/local/games:/snap/bin:/opt/puppetlabs/bin:/share/foxlab-backedup/apps/dtitk-2.3.1-Linux-x86_64/bin:/share/foxlab-backedup/apps/dtitk-2.3.1-Linux-x86_64/utilities:/share/foxlab-backedup/apps/dtitk-2.3.1-Linux-x86_64/scripts:/share/foxlab-backedup/apps/rclone-v1.50.2-linux-amd64/
MAIL=/var/mail/dfox
SLURM_WORKING_CLUSTER=wopr:sctld.hpc.genomecenter.ucdavis.edu:6817:9984:109
SLURM_CONF=/opt/hpccf/etc/slurm/slurm.conf
GSETTINGS_SCHEMA_DIR=/share/foxlab-backedup/apps/miniconda3/share/glib-2.0/schemas
SLURM_JOB_ID=61933142
SLURM_CPUS_PER_TASK=4
XML_CATALOG_FILES=file:///share/foxlab-backedup/apps/miniconda3/etc/xml/catalog file:///etc/xml/catalog
CONDA_PREFIX=/share/foxlab-backedup/apps/miniconda3
SLURM_JOB_USER=dfox
PWD=/share/foxlab-backedup/RDC/python/rdc/rdc
SLURM_ARRAY_TASK_MAX=1
_LMFILES_=/software/modules/1.923/lssc0-linux/modulefiles/slurm/latest:/software/modules/modulefiles_static/java/jdk1.8.0_05
FUNCTIONALS_DIR=/share/foxlab-backedup/apps/freesurfer/sessions
LANG=en_US.UTF-8
CAMINO_HEAP_SIZE=5000
MODULEPATH=/software/modules/1.923/lssc0-linux/modulefiles:/software/modules/modulefiles_static
FSLTCLSH=/share/foxlab-backedup/apps/fsl/bin/fsltclsh
MRIcroGL12PATH=/share/foxlab-backedup/apps/MRIcroGL12
SLURM_JOB_UID=21011
LOADEDMODULES=slurm/latest:java/jdk1.8.0_05
FSLMACHINELIST=
SLURM_NODEID=0
MINC_LIB_DIR=/share/foxlab-backedup/apps/freesurfer/mni/lib
SLURM_SUBMIT_DIR=/share/foxlab-backedup/RDC/python/rdc/rdc
SLURM_TASK_PID=50382
SLURM_NPROCS=1
FSLREMOTECALL=
SLURM_CPUS_ON_NODE=4
FSLWISH=/share/foxlab-backedup/apps/fsl/bin/fslwish
SLURM_PROCID=0
ENVIRONMENT=BATCH
KRB5CCNAME=FILE:/tmp/tktMFoedI
_CE_M=
SLURM_JOB_NODELIST=rafter-47
SLURM_ARRAY_TASK_MIN=1
FOXLABAPPS=/share/foxlab-backedup/apps
HOME=/home/dfox
SHLVL=2
PATH_modshare=//share/foxlab-backedup/.poetry/bin:1:/share/foxlab-backedup/apps/miniconda3/bin:1:/usr/bin:1:/software/java/jdk1.8.0_05/static/bin:1:/usr/local/bin:1:/software/slurm/23.02.7/lssc0-linux/bin:1:/share/foxlab-backedup/apps/fsl/bin:1:/bin:1:/share/foxlab-backedup/.poetry/poetry_venv/bin:1:/opt/puppetlabs/bin:1:/snap/bin:1:/software/slurm/23.02.7/lssc0-linux/sbin:1:/sbin:1:/usr/sbin:1:/usr/games:1:/share/foxlab-backedup/apps/miniconda3/condabin:1:/usr/local/sbin:1:/software/modules/1.923/lssc0-linux/bin:1:/usr/local/games:1
FOXLABSHARE=/share/foxlab-backedup
SLURM_LOCALID=0
SLURM_ARRAY_TASK_STEP=1
MNI_DIR=/share/foxlab-backedup/apps/freesurfer/mni
LANGUAGE=en_US.UTF-8
FREESURFER_HOME=/share/foxlab-backedup/apps/freesurfer
FSLDISPLAY=/usr/bin/display
TCSHPATH=/share/foxlab-backedup/apps/tcsh/usr/bin
SLURM_JOB_GID=21011
SLURM_JOB_CPUS_PER_NODE=4
SLURM_CLUSTER_NAME=wopr
FSLCONVERT=/usr/bin/convert
CFLAGS=-O3 -I/share/foxlab-backedup/.local/include
SLURM_GTIDS=0
SLURM_SUBMIT_HOST=barbera
MANPATH_modshare=1:/software/slurm/23.02.7/lssc0-linux/share/man:1
SLURM_JOB_PARTITION=production
BASH_ENV=/software/modules/1.923/lssc0-linux/init/bash
LOGNAME=dfox
CONDA_PYTHON_EXE=/share/foxlab-backedup/apps/miniconda3/bin/python
CAMINO_TRACKVIS_HOME=/share/foxlab-backedup/apps/camino-trackvis-0.2.8.1
FSLDIR=/share/foxlab-backedup/apps/fsl
SLURM_JOB_ACCOUNT=dfox
SSH_CONNECTION=168.150.47.32 58348 128.120.143.184 22
LC_CTYPE=en_US.UTF-8
SLURM_JOB_NUM_NODES=1
MODULESHOME=/software/modules/1.923/lssc0-linux
FIX_VERTEX_AREA=
CONDA_DEFAULT_ENV=base
PKG_CONFIG_PATH=/share/foxlab-backedup/.local/lib/pkgconfig
LOADEDMODULES_modshare=java/jdk1.8.0_05:1:slurm/latest:1
CGO_CPPFLAGS=-I/share/foxlab-backedup/.local/include
XDG_RUNTIME_DIR=/run/user/21011
SOLAR_SCRIPTS=/share/foxlab-backedup/apps/solar/scripts
FSLLOCKDIR=
POETRY_CACHE_DIR=/share/foxlab-backedup/.cache/pypoetry
FSLOUTPUTTYPE=NIFTI_GZ
MNI_DATAPATH=/share/foxlab-backedup/apps/freesurfer/mni/data
SLURM_MEM_PER_NODE=64000
FSL_DIR=/share/foxlab-backedup/apps/fsl
BASH_FUNC_module%%=() {  eval `/usr/bin/tclsh /software/modules/1.923/lssc0-linux/libexec/modulecmd.tcl bash $*`
}
BASH_FUNC__moduleraw%%=() {  eval `/usr/bin/tclsh /software/modules/1.923/lssc0-linux/libexec/modulecmd.tcl bash $*`
}
_=/usr/bin/env
/share/foxlab-backedup/RDC/python/rdc/.venv/bin/python
DIR: /share/foxlab-backedup/RDC/RDC130
{}
